
R version 4.5.1 (2025-06-13) -- "Great Square Root"
Copyright (C) 2025 The R Foundation for Statistical Computing
Platform: aarch64-apple-darwin20

R is free software and comes with ABSOLUTELY NO WARRANTY.
You are welcome to redistribute it under certain conditions.
Type 'license()' or 'licence()' for distribution details.

R is a collaborative project with many contributors.
Type 'contributors()' for more information and
'citation()' on how to cite R or R packages in publications.

Type 'demo()' for some demos, 'help()' for on-line help, or
'help.start()' for an HTML browser interface to help.
Type 'q()' to quit R.

> source(file.path(here::here(), "code", "pipeline", "01_cost_raster.R"))
[config.R] rootdir = /Users/diegogp/Desktop/Diego/Trains/new_repo
[config.R] Configuration loaded successfully.

========================================================================
01_cost_raster.R  |  Building construction cost raster (Faber 2014)
========================================================================

[cost] Step 1 — Country mask
[cost]   base: 1000 x 1000 cells; 255630 inside Argentina

[cost] Step 2 — Category indicator rasters
[cost]     developed  cells: 1057
[cost]     wetland    cells: 7762
[cost]     water (union of cuerpos + cursos + aguas):
[cost]       cuerpos  cells: 26403
[cost]       cursos   cells: 117775
[cost]       aguas    cells: 3708
[cost]     water      cells: 136974

[cost] Step 3 — Slope raster
[cost]   slope range: 0.00 – 39.91 deg

[cost] Step 4 — Computing cost (Faber 2014 formula)

[cost] Step 4a — Coastal buffer for near-shore out-of-country cells
[cost]   near-shore cells (<= 30 km from land): 39454

[cost] Step 5 — Burning cities as reachable urban cells
[cost]   before burn: 0 cities on barrier
[cost]   after burn:  0 cities on barrier
[cost]   city cell cost range: 26.0 – 37.3

[cost] Step 6 — Cropping to analysis extent
[cost]   final raster: 977 x 618 cells
[cost]   cost range: 1.0 – 1000000.0 (mean 513768.9)

[cost] Saved: /Users/diegogp/Desktop/Diego/Trains/new_repo/data/derived/01_cost_rasters/construction_costs.tif
========================================================================
01_cost_raster.R  |  Complete.
========================================================================

> 
