
R version 4.5.1 (2025-06-13) -- "Great Square Root"
Copyright (C) 2025 The R Foundation for Statistical Computing
Platform: aarch64-apple-darwin20

R is free software and comes with ABSOLUTELY NO WARRANTY.
You are welcome to redistribute it under certain conditions.
Type 'license()' or 'licence()' for distribution details.

R is a collaborative project with many contributors.
Type 'contributors()' for more information and
'citation()' on how to cite R or R packages in publications.

Type 'demo()' for some demos, 'help()' for on-line help, or
'help.start()' for an HTML browser interface to help.
Type 'q()' to quit R.

> source(file.path(here::here(), "code", "pipeline", "02_hypothetical_networks.R"))
[config.R] rootdir = /Users/diegogp/Desktop/Diego/Trains/new_repo
[config.R] Configuration loaded successfully.

========================================================================
02_hypothetical_networks.R  |  city_layer = ciudades_seleccion2
  pop_threshold = 15000  |  include_capitals = TRUE
========================================================================
[net]   cities in shapefile: 68
[net]   cities kept (filter): 54
[net]   cost raster: 977 x 618 cells

[net] Step 2 — Building transition matrix
[net]   transition matrix built in 33s

[net] Step 3 — Pairwise cost matrix
[net]   54x54 cost matrix in 7s

[net] Step 4 — Computing LCP geometries for all pairs
[net]     using 8 cores for 1431 LCPs
[net]   1431 LCPs in 436s

[net] Step 5 — LCP minimum spanning tree
[net]   MST: 53 edges (expected 53)

[net] Step 6 — Bilateral Euclidean network

[net] Step 7 — EUC minimum spanning tree
[net]   MST: 53 edges (expected 53)
[net]   saved lcp_network (1431 features)
[net]   saved lcp_mst (53 features)
[net]   saved euc_network (1431 features)
[net]   saved euc_mst (53 features)
[net]   manifest: /Users/diegogp/Desktop/Diego/Trains/new_repo/data/derived/02_hypothetical_networks/data_file_manifest.log
========================================================================
02_hypothetical_networks.R  |  Complete.
========================================================================

> 
