[config.R] rootdir = /Users/diegogp/Desktop/Diego/Trains/new_repo
[config.R] Configuration loaded successfully.

========================================================================
04_market_access.R  |  MA_i = sum_{j≠i} Pop_j / τ_ij^θ
========================================================================
Cases: actual_1960_s0, actual_1960_s1, actual_1960_s2, actual_1986_s0, actual_1986_s1, actual_1986_s2, instrument_lcp_mst_s0, instrument_lcp_mst_s1, instrument_lcp_mst_s2, instrument_stu_s0, instrument_stu_s1, instrument_stu_s2

Elasticities: θ_low = 4.550, θ_high = 8.110
[ma] Loaded 1960 pop: 309 districts, total=13,551,523

[ma] ==== CASE: actual_1960_s0 (elow, θ=4.550) ====
[ma]   τ file has 312 districts (48516 pairs)
[ma]   MA computed for 312 districts; 2 have logMA = -Inf (MA = 0)
[ma]   logMA -Inf for: 32094001, 32094002
[ma]   MA summary (MA>0): min=2.971e-28 median=1.251e-22 max=2.566e-13
[ma]   logMA summary (finite): min=-63.38  mean=-49.61  max=-28.99
[ma]   Saved: /Users/diegogp/Desktop/Diego/Trains/new_repo/data/derived/04_market_access/ma_actual_1960_s0_elow.parquet

[ma] ==== CASE: actual_1960_s0 (ehigh, θ=8.110) ====
[ma]   τ file has 312 districts (48516 pairs)
[ma]   MA computed for 312 districts; 2 have logMA = -Inf (MA = 0)
[ma]   logMA -Inf for: 32094001, 32094002
[ma]   MA summary (MA>0): min=6.223e-54 median=8.045e-45 max=1.547e-27
[ma]   logMA summary (finite): min=-122.51  mean=-99.75  max=-61.73
[ma]   Saved: /Users/diegogp/Desktop/Diego/Trains/new_repo/data/derived/04_market_access/ma_actual_1960_s0_ehigh.parquet

[ma] ==== CASE: actual_1960_s1 (elow, θ=4.550) ====
[ma]   τ file has 312 districts (48516 pairs)
[ma]   MA computed for 312 districts; 2 have logMA = -Inf (MA = 0)
[ma]   logMA -Inf for: 32094001, 32094002
[ma]   MA summary (MA>0): min=3.306e-28 median=8.620e-22 max=3.591e-11
[ma]   logMA summary (finite): min=-63.28  mean=-47.33  max=-24.05
[ma]   Saved: /Users/diegogp/Desktop/Diego/Trains/new_repo/data/derived/04_market_access/ma_actual_1960_s1_elow.parquet

[ma] ==== CASE: actual_1960_s1 (ehigh, θ=8.110) ====
[ma]   τ file has 312 districts (48516 pairs)
[ma]   MA computed for 312 districts; 2 have logMA = -Inf (MA = 0)
[ma]   logMA -Inf for: 32094001, 32094002
[ma]   MA summary (MA>0): min=6.356e-54 median=1.314e-43 max=1.041e-23
[ma]   logMA summary (finite): min=-122.49  mean=-96.10  max=-52.92
[ma]   Saved: /Users/diegogp/Desktop/Diego/Trains/new_repo/data/derived/04_market_access/ma_actual_1960_s1_ehigh.parquet

[ma] ==== CASE: actual_1960_s2 (elow, θ=4.550) ====
[ma]   τ file has 312 districts (48516 pairs)
[ma]   MA computed for 312 districts; 2 have logMA = -Inf (MA = 0)
[ma]   logMA -Inf for: 32094001, 32094002
[ma]   MA summary (MA>0): min=1.937e-28 median=2.784e-24 max=8.264e-17
[ma]   logMA summary (finite): min=-63.81  mean=-53.72  max=-37.03
[ma]   Saved: /Users/diegogp/Desktop/Diego/Trains/new_repo/data/derived/04_market_access/ma_actual_1960_s2_elow.parquet

[ma] ==== CASE: actual_1960_s2 (ehigh, θ=8.110) ====
[ma]   τ file has 312 districts (48516 pairs)
[ma]   MA computed for 312 districts; 2 have logMA = -Inf (MA = 0)
[ma]   logMA -Inf for: 32094001, 32094002
[ma]   MA summary (MA>0): min=1.824e-54 median=4.288e-47 max=9.474e-34
[ma]   logMA summary (finite): min=-123.74  mean=-106.05  max=-76.04
[ma]   Saved: /Users/diegogp/Desktop/Diego/Trains/new_repo/data/derived/04_market_access/ma_actual_1960_s2_ehigh.parquet

[ma] ==== CASE: actual_1986_s0 (elow, θ=4.550) ====
[ma]   τ file has 312 districts (48516 pairs)
[ma]   MA computed for 312 districts; 2 have logMA = -Inf (MA = 0)
[ma]   logMA -Inf for: 32094001, 32094002
[ma]   MA summary (MA>0): min=8.222e-27 median=5.445e-22 max=2.601e-13
[ma]   logMA summary (finite): min=-60.06  mean=-47.78  max=-28.98
[ma]   Saved: /Users/diegogp/Desktop/Diego/Trains/new_repo/data/derived/04_market_access/ma_actual_1986_s0_elow.parquet

[ma] ==== CASE: actual_1986_s0 (ehigh, θ=8.110) ====
[ma]   τ file has 312 districts (48516 pairs)
[ma]   MA computed for 312 districts; 2 have logMA = -Inf (MA = 0)
[ma]   logMA -Inf for: 32094001, 32094002
[ma]   MA summary (MA>0): min=8.640e-53 median=2.077e-43 max=1.548e-27
[ma]   logMA summary (finite): min=-119.88  mean=-96.27  max=-61.73
[ma]   Saved: /Users/diegogp/Desktop/Diego/Trains/new_repo/data/derived/04_market_access/ma_actual_1986_s0_ehigh.parquet

[ma] ==== CASE: actual_1986_s1 (elow, θ=4.550) ====
[ma]   τ file has 312 districts (48516 pairs)
[ma]   MA computed for 312 districts; 2 have logMA = -Inf (MA = 0)
[ma]   logMA -Inf for: 32094001, 32094002
[ma]   MA summary (MA>0): min=1.177e-26 median=7.071e-21 max=3.592e-11
[ma]   logMA summary (finite): min=-59.70  mean=-45.38  max=-24.05
[ma]   Saved: /Users/diegogp/Desktop/Diego/Trains/new_repo/data/derived/04_market_access/ma_actual_1986_s1_elow.parquet

[ma] ==== CASE: actual_1986_s1 (ehigh, θ=8.110) ====
[ma]   τ file has 312 districts (48516 pairs)
[ma]   MA computed for 312 districts; 2 have logMA = -Inf (MA = 0)
[ma]   logMA -Inf for: 32094001, 32094002
[ma]   MA summary (MA>0): min=1.627e-52 median=5.808e-42 max=1.041e-23
[ma]   logMA summary (finite): min=-119.25  mean=-92.55  max=-52.92
[ma]   Saved: /Users/diegogp/Desktop/Diego/Trains/new_repo/data/derived/04_market_access/ma_actual_1986_s1_ehigh.parquet

[ma] ==== CASE: actual_1986_s2 (elow, θ=4.550) ====
[ma]   τ file has 312 districts (48516 pairs)
[ma]   MA computed for 312 districts; 2 have logMA = -Inf (MA = 0)
[ma]   logMA -Inf for: 32094001, 32094002
[ma]   MA summary (MA>0): min=1.679e-27 median=1.175e-23 max=8.404e-17
[ma]   logMA summary (finite): min=-61.65  mean=-51.97  max=-37.02
[ma]   Saved: /Users/diegogp/Desktop/Diego/Trains/new_repo/data/derived/04_market_access/ma_actual_1986_s2_elow.parquet

[ma] ==== CASE: actual_1986_s2 (ehigh, θ=8.110) ====
[ma]   τ file has 312 districts (48516 pairs)
[ma]   MA computed for 312 districts; 2 have logMA = -Inf (MA = 0)
[ma]   logMA -Inf for: 32094001, 32094002
[ma]   MA summary (MA>0): min=5.834e-54 median=5.640e-46 max=9.610e-34
[ma]   logMA summary (finite): min=-122.58  mean=-102.89  max=-76.03
[ma]   Saved: /Users/diegogp/Desktop/Diego/Trains/new_repo/data/derived/04_market_access/ma_actual_1986_s2_ehigh.parquet

[ma] ==== CASE: instrument_lcp_mst_s0 (elow, θ=4.550) ====
[ma]   τ file has 312 districts (48516 pairs)
[ma]   MA computed for 312 districts; 0 have logMA = -Inf (MA = 0)
[ma]   MA summary (MA>0): min=2.264e-28 median=1.205e-22 max=7.021e-14
[ma]   logMA summary (finite): min=-63.66  mean=-50.10  max=-30.29
[ma]   Saved: /Users/diegogp/Desktop/Diego/Trains/new_repo/data/derived/04_market_access/ma_instrument_lcp_mst_s0_elow.parquet

[ma] ==== CASE: instrument_lcp_mst_s0 (ehigh, θ=8.110) ====
[ma]   τ file has 312 districts (48516 pairs)
[ma]   MA computed for 312 districts; 0 have logMA = -Inf (MA = 0)
[ma]   MA summary (MA>0): min=6.019e-54 median=6.055e-45 max=1.551e-28
[ma]   logMA summary (finite): min=-122.54  mean=-100.73  max=-64.03
[ma]   Saved: /Users/diegogp/Desktop/Diego/Trains/new_repo/data/derived/04_market_access/ma_instrument_lcp_mst_s0_ehigh.parquet

[ma] ==== CASE: instrument_lcp_mst_s1 (elow, θ=4.550) ====
[ma]   τ file has 312 districts (48516 pairs)
[ma]   MA computed for 312 districts; 0 have logMA = -Inf (MA = 0)
[ma]   MA summary (MA>0): min=2.409e-28 median=7.856e-22 max=3.584e-11
[ma]   logMA summary (finite): min=-63.59  mean=-47.95  max=-24.05
[ma]   Saved: /Users/diegogp/Desktop/Diego/Trains/new_repo/data/derived/04_market_access/ma_instrument_lcp_mst_s1_elow.parquet

[ma] ==== CASE: instrument_lcp_mst_s1 (ehigh, θ=8.110) ====
[ma]   τ file has 312 districts (48516 pairs)
[ma]   MA computed for 312 districts; 0 have logMA = -Inf (MA = 0)
[ma]   MA summary (MA>0): min=6.043e-54 median=1.050e-43 max=1.041e-23
[ma]   logMA summary (finite): min=-122.54  mean=-97.29  max=-52.92
[ma]   Saved: /Users/diegogp/Desktop/Diego/Trains/new_repo/data/derived/04_market_access/ma_instrument_lcp_mst_s1_ehigh.parquet

[ma] ==== CASE: instrument_lcp_mst_s2 (elow, θ=4.550) ====
[ma]   τ file has 312 districts (48516 pairs)
[ma]   MA computed for 312 districts; 0 have logMA = -Inf (MA = 0)
[ma]   MA summary (MA>0): min=1.637e-28 median=1.331e-24 max=1.892e-17
[ma]   logMA summary (finite): min=-63.98  mean=-54.37  max=-38.51
[ma]   Saved: /Users/diegogp/Desktop/Diego/Trains/new_repo/data/derived/04_market_access/ma_instrument_lcp_mst_s2_elow.parquet

[ma] ==== CASE: instrument_lcp_mst_s2 (ehigh, θ=8.110) ====
[ma]   τ file has 312 districts (48516 pairs)
[ma]   MA computed for 312 districts; 0 have logMA = -Inf (MA = 0)
[ma]   MA summary (MA>0): min=4.031e-55 median=8.986e-48 max=6.657e-35
[ma]   logMA summary (finite): min=-125.25  mean=-107.31  max=-78.69
[ma]   Saved: /Users/diegogp/Desktop/Diego/Trains/new_repo/data/derived/04_market_access/ma_instrument_lcp_mst_s2_ehigh.parquet

[ma] ==== CASE: instrument_stu_s0 (elow, θ=4.550) ====
[ma]   τ file has 312 districts (48516 pairs)
[ma]   MA computed for 312 districts; 2 have logMA = -Inf (MA = 0)
[ma]   logMA -Inf for: 32094001, 32094002
[ma]   MA summary (MA>0): min=1.612e-28 median=3.726e-23 max=2.566e-13
[ma]   logMA summary (finite): min=-63.99  mean=-50.92  max=-28.99
[ma]   Saved: /Users/diegogp/Desktop/Diego/Trains/new_repo/data/derived/04_market_access/ma_instrument_stu_s0_elow.parquet

[ma] ==== CASE: instrument_stu_s0 (ehigh, θ=8.110) ====
[ma]   τ file has 312 districts (48516 pairs)
[ma]   MA computed for 312 districts; 2 have logMA = -Inf (MA = 0)
[ma]   logMA -Inf for: 32094001, 32094002
[ma]   MA summary (MA>0): min=8.416e-56 median=1.030e-45 max=1.547e-27
[ma]   logMA summary (finite): min=-126.81  mean=-102.09  max=-61.73
[ma]   Saved: /Users/diegogp/Desktop/Diego/Trains/new_repo/data/derived/04_market_access/ma_instrument_stu_s0_ehigh.parquet

[ma] ==== CASE: instrument_stu_s1 (elow, θ=4.550) ====
[ma]   τ file has 312 districts (48516 pairs)
[ma]   MA computed for 312 districts; 2 have logMA = -Inf (MA = 0)
[ma]   logMA -Inf for: 32094001, 32094002
[ma]   MA summary (MA>0): min=2.106e-28 median=2.508e-22 max=3.587e-11
[ma]   logMA summary (finite): min=-63.73  mean=-49.04  max=-24.05
[ma]   Saved: /Users/diegogp/Desktop/Diego/Trains/new_repo/data/derived/04_market_access/ma_instrument_stu_s1_elow.parquet

[ma] ==== CASE: instrument_stu_s1 (ehigh, θ=8.110) ====
[ma]   τ file has 312 districts (48516 pairs)
[ma]   MA computed for 312 districts; 2 have logMA = -Inf (MA = 0)
[ma]   logMA -Inf for: 32094001, 32094002
[ma]   MA summary (MA>0): min=1.320e-55 median=1.454e-44 max=1.041e-23
[ma]   logMA summary (finite): min=-126.36  mean=-99.15  max=-52.92
[ma]   Saved: /Users/diegogp/Desktop/Diego/Trains/new_repo/data/derived/04_market_access/ma_instrument_stu_s1_ehigh.parquet

[ma] ==== CASE: instrument_stu_s2 (elow, θ=4.550) ====
[ma]   τ file has 312 districts (48516 pairs)
[ma]   MA computed for 312 districts; 2 have logMA = -Inf (MA = 0)
[ma]   logMA -Inf for: 32094001, 32094002
[ma]   MA summary (MA>0): min=5.700e-29 median=1.259e-24 max=8.264e-17
[ma]   logMA summary (finite): min=-65.03  mean=-54.43  max=-37.03
[ma]   Saved: /Users/diegogp/Desktop/Diego/Trains/new_repo/data/derived/04_market_access/ma_instrument_stu_s2_elow.parquet

[ma] ==== CASE: instrument_stu_s2 (ehigh, θ=8.110) ====
[ma]   τ file has 312 districts (48516 pairs)
[ma]   MA computed for 312 districts; 2 have logMA = -Inf (MA = 0)
[ma]   logMA -Inf for: 32094001, 32094002
[ma]   MA summary (MA>0): min=1.989e-56 median=1.265e-47 max=9.474e-34
[ma]   logMA summary (finite): min=-128.26  mean=-107.39  max=-76.04
[ma]   Saved: /Users/diegogp/Desktop/Diego/Trains/new_repo/data/derived/04_market_access/ma_instrument_stu_s2_ehigh.parquet
========================================================================
04_market_access.R  |  Complete.
========================================================================

