
R version 4.5.1 (2025-06-13) -- "Great Square Root"
Copyright (C) 2025 The R Foundation for Statistical Computing
Platform: aarch64-apple-darwin20

R is free software and comes with ABSOLUTELY NO WARRANTY.
You are welcome to redistribute it under certain conditions.
Type 'license()' or 'licence()' for distribution details.

R is a collaborative project with many contributors.
Type 'contributors()' for more information and
'citation()' on how to cite R or R packages in publications.

Type 'demo()' for some demos, 'help()' for on-line help, or
'help.start()' for an HTML browser interface to help.
Type 'q()' to quit R.

> source(file.path(here::here(), "code", "base", "agricultural", "clean_agricultural.R"))
[config.R] rootdir = /Users/diegogp/Desktop/Diego/Trains/new_repo
[config.R] Configuration loaded successfully.

========================================================================
clean_agricultural.R  |  Agricultural census → geolev2 panel
========================================================================

[agr] Step 1 — Reading 1960 agricultural census
[agr]   1960: 481 rows, 22 provinces

[agr] Step 2 — Reading 1988 agricultural census
[agr]   Dropping 1 INDETERMINADO obs from 1988
[agr]   1988: 500 rows, 23 provinces

[agr] Step 3 — Loading IPUMS crosswalk
[agr]   Crosswalk: 513 rows, 312 unique geolev2

[agr] Step 4 — Harmonizing 1960 names and merging
[agr]   Applied Quilmes/Berazategui 1/3-2/3 split
[agr]   Matched: 482 / 482
[agr]   After collapse: 306 geolev2 districts

[agr] Step 5 — Harmonizing 1988 names and merging
[agr]   Matched: 500 / 500
[agr]   After collapse: 300 geolev2 districts

[agr] Step 6 — Stacking, validating, saving
[agr]   Key (geolev2 + year) is unique: OK
[agr]   Key has no missing values: OK
[agr]   Districts: 306 in 1960, 300 in 1988
[agr]   Total obs: 606
[agr]   Saved: /Users/diegogp/Desktop/Diego/Trains/new_repo/data/derived/base/agricultural/agr_census.parquet
[agr]   Manifest written: /Users/diegogp/Desktop/Diego/Trains/new_repo/data/derived/base/agricultural/data_file_manifest.log
========================================================================
clean_agricultural.R  |  Complete.
========================================================================

> 
