
R version 4.5.1 (2025-06-13) -- "Great Square Root"
Copyright (C) 2025 The R Foundation for Statistical Computing
Platform: aarch64-apple-darwin20

R is free software and comes with ABSOLUTELY NO WARRANTY.
You are welcome to redistribute it under certain conditions.
Type 'license()' or 'licence()' for distribution details.

R is a collaborative project with many contributors.
Type 'contributors()' for more information and
'citation()' on how to cite R or R packages in publications.

Type 'demo()' for some demos, 'help()' for on-line help, or
'help.start()' for an HTML browser interface to help.
Type 'q()' to quit R.

> source(file.path(here::here(), "code", "base", "networks", "clean_roads.R"))
[config.R] rootdir = /Users/diegogp/Desktop/Diego/Trains/new_repo
[config.R] Configuration loaded successfully.

========================================================================
clean_roads.R  |  Road network → district-level km
========================================================================

[roads] Step 1 — Loading district shapefile
[roads]   Loaded 312 districts

[roads] Step 2 — Loading road shapefile
[roads]   Loaded 1741 road segments
[roads]   type2 distribution:
[roads]     type2=1: 463 segments
[roads]     type2=2: 244 segments
[roads]     type2=3: 738 segments
[roads]     type2=4: 67 segments
[roads]     type2=5: 61 segments
[roads]     type2=6: 110 segments
[roads]     type2=7: 58 segments

[roads] Step 3 — Intersecting roads with districts
[roads]   Clipped segments: 2801
[roads]   Total road km: 85081

[roads] Step 4 — Collapsing by district, computing periods
[roads]   Districts with road data: 309
[roads]   Mean pav+grav 1954: 89.0 km
[roads]   Mean pav+grav 1986: 258.3 km
[roads]   Mean change 86-54: 169.3 km

[roads] Step 5 — Validating and saving
[roads]   Key (geolev2) is unique and non-missing: OK
[roads]   Districts: 309
[roads]   Saved: /Users/diegogp/Desktop/Diego/Trains/new_repo/data/derived/base/networks/roads_by_district.parquet (309 rows, 15 cols)
[roads]   Manifest: /Users/diegogp/Desktop/Diego/Trains/new_repo/data/derived/base/networks/data_file_manifest.log
========================================================================
clean_roads.R  |  Complete.
========================================================================

> 
