
R version 4.5.1 (2025-06-13) -- "Great Square Root"
Copyright (C) 2025 The R Foundation for Statistical Computing
Platform: aarch64-apple-darwin20

R is free software and comes with ABSOLUTELY NO WARRANTY.
You are welcome to redistribute it under certain conditions.
Type 'license()' or 'licence()' for distribution details.

R is a collaborative project with many contributors.
Type 'contributors()' for more information and
'citation()' on how to cite R or R packages in publications.

Type 'demo()' for some demos, 'help()' for on-line help, or
'help.start()' for an HTML browser interface to help.
Type 'q()' to quit R.

> source(file.path(here::here(), "code", "base", "census_1960", "clean_census_1960.R"))
[config.R] rootdir = /Users/diegogp/Desktop/Diego/Trains/new_repo
[config.R] Configuration loaded successfully.

========================================================================
clean_census_1960.R  |  1960 census -> geolev2 panel
========================================================================

[c1960] Step 1 -- Reading raw Excel files
[c1960]   Read 3102 locality rows

[c1960] Step 2 -- Fixing district name typos
[c1960]   Typo fixes applied (3102 rows unchanged)

[c1960] Step 3 -- Classifying urban/rural, collapsing
[c1960]   482 districts after collapsing

[c1960] Step 4 -- Applying historical name changes
[c1960]   482 districts after name changes

[c1960] Step 5 -- Merging to IPUMS crosswalk
[c1960]   Matched: 482
[c1960]   Census only (unmatched): 0
[c1960]   IPUMS only (no 1960 data): 31
[c1960]   Dropping 30 redundant IPUMS-only rows
[c1960]   Remaining IPUMS-only districts:
          BUENOSAIRES - BERAZATEGUI (geolev2=32006087)
[c1960]   After merge cleanup: 483 rows

[c1960] Step 6 -- Allocating splits, collapsing to geolev2
[c1960]   Final: 311 districts

[c1960] Step 7 -- Validating and saving
[c1960]   Key (geolev2) is unique and non-missing: OK
[c1960]   Saved: /Users/diegogp/Desktop/Diego/Trains/new_repo/data/derived/base/census_1960/census_1960_ipums.parquet (311 rows)
[c1960]   Manifest: /Users/diegogp/Desktop/Diego/Trains/new_repo/data/derived/base/census_1960/data_file_manifest.log
========================================================================
clean_census_1960.R  |  Complete.
========================================================================

> 
