
R version 4.5.1 (2025-06-13) -- "Great Square Root"
Copyright (C) 2025 The R Foundation for Statistical Computing
Platform: aarch64-apple-darwin20

R is free software and comes with ABSOLUTELY NO WARRANTY.
You are welcome to redistribute it under certain conditions.
Type 'license()' or 'licence()' for distribution details.

R is a collaborative project with many contributors.
Type 'contributors()' for more information and
'citation()' on how to cite R or R packages in publications.

Type 'demo()' for some demos, 'help()' for on-line help, or
'help.start()' for an HTML browser interface to help.
Type 'q()' to quit R.

> 
> cat("=== Agricultural ===
+ ")
=== Agricultural ===
> source(file.path(here::here(), "code", "base", "agricultural", "clean_agricultural.R"))
[config.R] rootdir = /Users/diegogp/Desktop/Diego/Trains/new_repo
[config.R] Configuration loaded successfully.

========================================================================
clean_agricultural.R  |  Agricultural census → geolev2 panel
========================================================================

[agr] Step 1 — Reading 1960 agricultural census
[agr]   1960: 481 rows, 22 provinces

[agr] Step 2 — Reading 1988 agricultural census
[agr]   Dropping 1 INDETERMINADO obs from 1988
[agr]   1988: 500 rows, 23 provinces

[agr] Step 3 — Loading IPUMS crosswalk
[agr]   Crosswalk: 513 rows, 312 unique geolev2

[agr] Step 4 — Harmonizing 1960 names and merging
[agr]   Applied Quilmes/Berazategui 1/3-2/3 split
[agr]   Matched: 482 / 482
[agr]   After collapse: 306 geolev2 districts

[agr] Step 5 — Harmonizing 1988 names and merging
[agr]   Matched: 499 / 500
[agr]   WARNING: 1 unmatched non-TDF districts:
    provmerge distmerge
188   CORDOBA   ISCHILN
[agr]   Dropping 1 unmatched obs
[agr]   After collapse: 300 geolev2 districts

[agr] Step 6 — Stacking, validating, saving
[agr]   Key (geolev2 + year) is unique: OK
[agr]   Key has no missing values: OK
[agr]   Districts: 306 in 1960, 300 in 1988
[agr]   Total obs: 606
[agr]   Saved: /Users/diegogp/Desktop/Diego/Trains/new_repo/data/derived/base/agricultural/agr_census.parquet
[agr]   Manifest written: /Users/diegogp/Desktop/Diego/Trains/new_repo/data/derived/base/agricultural/data_file_manifest.log
========================================================================
clean_agricultural.R  |  Complete.
========================================================================

> cat("
+ === Industrial ===
+ ")

=== Industrial ===
> source(file.path(here::here(), "code", "base", "industrial", "clean_industrial.R"))

========================================================================
clean_industrial.R  |  Industrial census → geolev2 panel
========================================================================

[ind] Step 1 — Reading 1954 industrial census
[ind]   1954: 444 rows, 24 provinces

[ind] Step 2 — Reading 1985 economic census
[ind]   Dropping 21 Capital Federal obs from 1985
[ind]   Dropping 19 GranBuenosAires obs (dupes of BA)
[ind]   1985: 487 rows, 23 provinces

[ind] Step 3 — Loading IPUMS crosswalk
[ind]   Crosswalk: 513 rows, 312 unique geolev2

[ind] Step 4 — Harmonizing 1954 names and merging
[ind]   Split Camarones → Escalante + Florentino Ameghino
[ind]   Split Comodoro Rivadavia → Escalante + Deseado
[ind]   Applied Quilmes/Berazategui 1/3-2/3 split
[ind]   Expanded crosswalk: 525 rows (was 513)
[ind]   Matched: 458 / 447
[ind]   After collapse: 310 geolev2 districts

[ind] Step 5 — Harmonizing 1985 names and merging
[ind]   Matched: 487 / 487
[ind]   After collapse: 311 geolev2 districts

[ind] Step 6 — Stacking, validating, saving
[ind]   Key (geolev2 + year) is unique: OK
[ind]   Districts: 310 in 1954, 311 in 1985
[ind]   Total obs: 621
[ind]   Saved: /Users/diegogp/Desktop/Diego/Trains/new_repo/data/derived/base/industrial/ind_census.parquet
[ind]   Manifest written: /Users/diegogp/Desktop/Diego/Trains/new_repo/data/derived/base/industrial/data_file_manifest.log
========================================================================
clean_industrial.R  |  Complete.
========================================================================

> cat("
+ === Census 1947 ===
+ ")

=== Census 1947 ===
> source(file.path(here::here(), "code", "base", "census_1947", "clean_census_1947.R"))

========================================================================
clean_census_1947.R  |  1947 census -> geolev2 panel
========================================================================

[c1947] Step 1 -- Reading raw Excel files
[c1947]   Read 503 rows from 23 provinces

[c1947] Step 2 -- Collapsing to district level
[c1947]   276 districts after collapsing

[c1947] Step 3 -- Applying historical name changes
[c1947]   277 districts after name changes

[c1947] Step 4 -- Merging to IPUMS crosswalk
[c1947]   Matched: 271
[c1947]   Census only (unmatched): 6
[c1947]   IPUMS only (no 1947 data): 243
[c1947]   Unmatched census districts:
          CHACO - CAMPODELCIELO
          CHACO - MARTINEZDEHOZ
          CHACO - NAPALPI
          CHACO - RESISTENCIA
          CHACO - RIOBERMEJO
          CHACO - TOBAS
[c1947]   Dropping 101 redundant IPUMS-only rows
[c1947]   After merge cleanup: 419 rows

[c1947] Step 5 -- Handling post-1947 districts
[c1947]   143 post-1947 districts mapped to parents
[c1947]   After post-1947 handling: 280 rows

[c1947] Step 6 -- Allocating splits, collapsing to geolev2
[c1947]   Final: 240 districts (5 flagged as imputed)

[c1947] Step 7 -- Validating and saving
[c1947]   Key (geolev2) is unique and non-missing: OK
[c1947]   Saved: /Users/diegogp/Desktop/Diego/Trains/new_repo/data/derived/base/census_1947/census_1947_ipums.parquet (240 rows)
[c1947]   Manifest: /Users/diegogp/Desktop/Diego/Trains/new_repo/data/derived/base/census_1947/data_file_manifest.log
========================================================================
clean_census_1947.R  |  Complete.
========================================================================

> cat("
+ === Census 1960 ===
+ ")

=== Census 1960 ===
> source(file.path(here::here(), "code", "base", "census_1960", "clean_census_1960.R"))

========================================================================
clean_census_1960.R  |  1960 census -> geolev2 panel
========================================================================

[c1960] Step 1 -- Reading raw Excel files
[c1960]   Read 3102 locality rows

[c1960] Step 2 -- Fixing district name typos
[c1960]   Typo fixes applied (3102 rows unchanged)

[c1960] Step 3 -- Classifying urban/rural, collapsing
[c1960]   482 districts after collapsing

[c1960] Step 4 -- Applying historical name changes
[c1960]   482 districts after name changes

[c1960] Step 5 -- Merging to IPUMS crosswalk
[c1960]   Matched: 482
[c1960]   Census only (unmatched): 0
[c1960]   IPUMS only (no 1960 data): 31
[c1960]   Dropping 30 redundant IPUMS-only rows
[c1960]   Remaining IPUMS-only districts:
Error in sprintf("          %s - %s (geolev2=%d)", ipums_only$provmerge[i],  : 
  invalid format '%d'; use format %s for character objects
Calls: source ... eval -> main -> merge_to_ipums -> message -> sprintf
Execution halted
