Data file manifest — build_estimation_sample.R
Generated: 2026-07-20 09:03:37.108386
rootdir:   /Users/diegogp/Desktop/Diego/Trains/new_repo

============================================================ 
FILE: estimation_sample.parquet
============================================================ 
Rows: 311
Columns: 232
Key: geolev2

New outcome / control / Z_i columns added by this script:
  rur_1991              = pop_1991 - urbpop_1991
  chg_log_rur_91_60     = log(rur_1991) - log(rur_1960)
  urbshr_1960           = urbpop_1960 / pop_1960
  urbshr_1991           = urbpop_1991 / pop_1991
  chg_urbshr_91_60      = urbshr_1991 - urbshr_1960 (level, not log)
  log_pop_1960          = log(pop_1960)
  lost_all_rails_86     = (tot_rails_1960 > 0 & tot_rails_1986 == 0)
  gained_first_road_86  = (pav_and_grav_1954 == 0 & pav_and_grav_1986 > 0)
  chg_college_91_70     = college_1991 - college_1970
  chg_secondary_91_70   = secondary_1991 - secondary_1970
  chg_mig5_91_70        = mig5_1991 - mig5_1970
  chg_empstat_emp_91_70 = empstat_1_1991 - empstat_1_1970

Non-NA counts (regression sample sizes):
  chg_log_pop_91_60                    N=311
  chg_log_urbpop_91_60                 N=286
  chg_log_rur_91_60                    N=272
  chg_urbshr_91_60                     N=311
  chg_logMA_86_60_s0_elow              N=311
  chg_logMA_stu_s0_elow                N=311
  chg_logMA_lcp_mst_s0_elow            N=311
  log_pop_1960                         N=311
  logMA_actual_1960_s0_elow            N=311
  elev_mean_std                        N=311
  rugged_mea_std                       N=311
  wheat_std                            N=311
  preCal_std                           N=311
  postCal_std                          N=311
  dist_to_BA_std                       N=311
  lost_all_rails_86                    N=311
  gained_first_road_86                 N=308
  chg_tot_rails_86_60                  N=311
  chg_pav_and_grav_86_54               N=308
  share_studied_larkin                 N=281
  chg_college_91_70                    N=311
  chg_secondary_91_70                  N=311
  chg_mig5_91_70                       N=311
  chg_empstat_emp_91_70                N=311
