Data file manifest — clean_geo_controls.R
Generated: 2026-07-16 21:57:56.683082
rootdir: /Users/diegogp/Desktop/Diego/Trains/new_repo

============================================================ 
FILE: geo_controls.parquet
============================================================ 
Rows: 312
Columns: 14
Key: geolev2

Summary of variables:
  area_km2             N=312  mean=8140.40  sd=11757.22  min=26.76  max=85003.06  NA=0
  elev_mean            N=312  mean=418.49  sd=688.55  min=4.01  max=3999.80  NA=0
  rugged_mea           N=312  mean=58189.70  sd=92899.95  min=3633.04  max=587421.19  NA=0
  wheat                N=312  mean=2718.17  sd=1626.41  min=0.14  max=7320.28  NA=0
  preCal               N=312  mean=3383.39  sd=1788.55  min=0.00  max=5190.41  NA=0
  postCal              N=312  mean=2043.14  sd=1013.22  min=0.00  max=3108.69  NA=0
  dist_to_BA           N=312  mean=668.64  sd=436.19  min=5.11  max=2320.74  NA=0
  elev_mean_std        N=312  mean=0.00  sd=1.00  min=-0.60  max=5.20  NA=0
  rugged_mea_std       N=312  mean=-0.00  sd=1.00  min=-0.59  max=5.70  NA=0
  wheat_std            N=312  mean=0.00  sd=1.00  min=-1.67  max=2.83  NA=0
  preCal_std           N=312  mean=-0.00  sd=1.00  min=-1.89  max=1.01  NA=0
  postCal_std          N=312  mean=-0.00  sd=1.00  min=-2.02  max=1.05  NA=0
  dist_to_BA_std       N=312  mean=-0.00  sd=1.00  min=-1.52  max=3.79  NA=0
